<?xml version="1.0" encoding="UTF-8"?>
<testng-results skipped="0" failed="0" ignored="0" total="2" passed="2">
  <reporter-output>
  </reporter-output>
  <suite name="Default suite" duration-ms="30878" started-at="2019-04-25T07:44:41Z" finished-at="2019-04-25T07:45:12Z">
    <groups>
    </groups>
    <test name="Default test" duration-ms="30878" started-at="2019-04-25T07:44:41Z" finished-at="2019-04-25T07:45:12Z">
      <class name="NewTest">
        <test-method status="PASS" signature="loginToCyclone(java.lang.String, java.lang.String)[pri:0, instance:NewTest@6043cd28]" name="loginToCyclone" duration-ms="16886" started-at="2019-04-25T07:44:41Z" data-provider="cyclosDemo" finished-at="2019-04-25T07:44:58Z">
          <params>
            <param index="0">
              <value>
                <![CDATA[demo]]>
              </value>
            </param>
            <param index="1">
              <value>
                <![CDATA[1234]]>
              </value>
            </param>
          </params>
          <reporter-output>
          </reporter-output>
        </test-method> <!-- loginToCyclone -->
        <test-method status="PASS" signature="loginToCyclone(java.lang.String, java.lang.String)[pri:0, instance:NewTest@6043cd28]" name="loginToCyclone" duration-ms="13952" started-at="2019-04-25T07:44:58Z" data-provider="cyclosDemo" finished-at="2019-04-25T07:45:12Z">
          <params>
            <param index="0">
              <value>
                <![CDATA[demo1]]>
              </value>
            </param>
            <param index="1">
              <value>
                <![CDATA[12342]]>
              </value>
            </param>
          </params>
          <reporter-output>
          </reporter-output>
        </test-method> <!-- loginToCyclone -->
      </class> <!-- NewTest -->
    </test> <!-- Default test -->
  </suite> <!-- Default suite -->
</testng-results>
